# JRE version: Java(TM) SE Runtime Environment (8.0_101-b13) (build 1.8.0_101-b13)
# Java VM: Java HotSpot(TM) 64-Bit Server VM (25.101-b13 mixed mode linux-amd64 compressed oops)
Heap:
 PSYoungGen      total 1308160K, used 1095627K [0x000000076e000000, 0x00000007bff80000, 0x00000007c0000000)
  eden space 1273856K, 86% used [0x000000076e000000,0x00000007b0ddaf58,0x00000007bbc00000)
  from space 34304K, 0% used [0x00000007bbc00000,0x00000007bbc18000,0x00000007bdd80000)
  to   space 33792K, 0% used [0x00000007bde80000,0x00000007bde80000,0x00000007bff80000)
 ParOldGen       total 167936K, used 60164K [0x00000006ca000000, 0x00000006d4400000, 0x000000076e000000)
  object space 167936K, 35% used [0x00000006ca000000,0x00000006cdac1080,0x00000006d4400000)
 Metaspace       used 6462K, capacity 7168K, committed 7296K, reserved 1056768K
  class space    used 580K, capacity 624K, committed 640K, reserved 1048576K
GC Heap History (10 events):
Event: 82,920 GC heap before
{Heap before GC invocations=137 (full 0):
 PSYoungGen      total 1308160K, used 1276512K [0x000000076e000000, 0x00000007c0000000, 0x00000007c0000000)
  eden space 1276416K, 100% used [0x000000076e000000,0x00000007bbe80000,0x00000007bbe80000)
  from space 31744K, 0% used [0x00000007bdf00000,0x00000007bdf18000,0x00000007bfe00000)
  to   space 33280K, 0% used [0x00000007bbe80000,0x00000007bbe80000,0x00000007bdf00000)
 ParOldGen       total 167936K, used 60164K [0x00000006ca000000, 0x00000006d4400000, 0x000000076e000000)
  object space 167936K, 35% used [0x00000006ca000000,0x00000006cdac1080,0x00000006d4400000)
 Metaspace       used 6462K, capacity 7168K, committed 7296K, reserved 1056768K
  class space    used 580K, capacity 624K, committed 640K, reserved 1048576K
Event: 82,923 GC heap after
Heap after GC invocations=137 (full 0):
 PSYoungGen      total 1276928K, used 96K [0x000000076e000000, 0x00000007c0000000, 0x00000007c0000000)
  eden space 1276416K, 0% used [0x000000076e000000,0x000000076e000000,0x00000007bbe80000)
  from space 512K, 18% used [0x00000007bbe80000,0x00000007bbe98000,0x00000007bbf00000)
  to   space 34304K, 0% used [0x00000007bde80000,0x00000007bde80000,0x00000007c0000000)
 ParOldGen       total 167936K, used 60164K [0x00000006ca000000, 0x00000006d4400000, 0x000000076e000000)
  object space 167936K, 35% used [0x00000006ca000000,0x00000006cdac1080,0x00000006d4400000)
 Metaspace       used 6462K, capacity 7168K, committed 7296K, reserved 1056768K
  class space    used 580K, capacity 624K, committed 640K, reserved 1048576K
}
Event: 83,354 GC heap before
{Heap before GC invocations=138 (full 0):
 PSYoungGen      total 1276928K, used 1276512K [0x000000076e000000, 0x00000007c0000000, 0x00000007c0000000)
  eden space 1276416K, 100% used [0x000000076e000000,0x00000007bbe80000,0x00000007bbe80000)
  from space 512K, 18% used [0x00000007bbe80000,0x00000007bbe98000,0x00000007bbf00000)
  to   space 34304K, 0% used [0x00000007bde80000,0x00000007bde80000,0x00000007c0000000)
 ParOldGen       total 167936K, used 60164K [0x00000006ca000000, 0x00000006d4400000, 0x000000076e000000)
  object space 167936K, 35% used [0x00000006ca000000,0x00000006cdac1080,0x00000006d4400000)
 Metaspace       used 6462K, capacity 7168K, committed 7296K, reserved 1056768K
  class space    used 580K, capacity 624K, committed 640K, reserved 1048576K
Event: 83,354 GC heap after
Heap after GC invocations=138 (full 0):
 PSYoungGen      total 1308160K, used 96K [0x000000076e000000, 0x00000007c0000000, 0x00000007c0000000)
  eden space 1273856K, 0% used [0x000000076e000000,0x000000076e000000,0x00000007bbc00000)
  from space 34304K, 0% used [0x00000007bde80000,0x00000007bde98000,0x00000007c0000000)
  to   space 34816K, 0% used [0x00000007bbc00000,0x00000007bbc00000,0x00000007bde00000)
 ParOldGen       total 167936K, used 60164K [0x00000006ca000000, 0x00000006d4400000, 0x000000076e000000)
  object space 167936K, 35% used [0x00000006ca000000,0x00000006cdac1080,0x00000006d4400000)
 Metaspace       used 6462K, capacity 7168K, committed 7296K, reserved 1056768K
  class space    used 580K, capacity 624K, committed 640K, reserved 1048576K
}
Event: 83,788 GC heap before
{Heap before GC invocations=139 (full 0):
 PSYoungGen      total 1308160K, used 1273952K [0x000000076e000000, 0x00000007c0000000, 0x00000007c0000000)
  eden space 1273856K, 100% used [0x000000076e000000,0x00000007bbc00000,0x00000007bbc00000)
  from space 34304K, 0% used [0x00000007bde80000,0x00000007bde98000,0x00000007c0000000)
  to   space 34816K, 0% used [0x00000007bbc00000,0x00000007bbc00000,0x00000007bde00000)
 ParOldGen       total 167936K, used 60164K [0x00000006ca000000, 0x00000006d4400000, 0x000000076e000000)
  object space 167936K, 35% used [0x00000006ca000000,0x00000006cdac1080,0x00000006d4400000)
 Metaspace       used 6462K, capacity 7168K, committed 7296K, reserved 1056768K
  class space    used 580K, capacity 624K, committed 640K, reserved 1048576K
Event: 83,789 GC heap after
Heap after GC invocations=139 (full 0):
 PSYoungGen      total 1308672K, used 96K [0x000000076e000000, 0x00000007c0000000, 0x00000007c0000000)
  eden space 1273856K, 0% used [0x000000076e000000,0x000000076e000000,0x00000007bbc00000)
  from space 34816K, 0% used [0x00000007bbc00000,0x00000007bbc18000,0x00000007bde00000)
  to   space 34816K, 0% used [0x00000007bde00000,0x00000007bde00000,0x00000007c0000000)
 ParOldGen       total 167936K, used 60164K [0x00000006ca000000, 0x00000006d4400000, 0x000000076e000000)
  object space 167936K, 35% used [0x00000006ca000000,0x00000006cdac1080,0x00000006d4400000)
 Metaspace       used 6462K, capacity 7168K, committed 7296K, reserved 1056768K
  class space    used 580K, capacity 624K, committed 640K, reserved 1048576K
}
Event: 84,221 GC heap before
{Heap before GC invocations=140 (full 0):
 PSYoungGen      total 1308672K, used 1273952K [0x000000076e000000, 0x00000007c0000000, 0x00000007c0000000)
  eden space 1273856K, 100% used [0x000000076e000000,0x00000007bbc00000,0x00000007bbc00000)
  from space 34816K, 0% used [0x00000007bbc00000,0x00000007bbc18000,0x00000007bde00000)
  to   space 34816K, 0% used [0x00000007bde00000,0x00000007bde00000,0x00000007c0000000)
 ParOldGen       total 167936K, used 60164K [0x00000006ca000000, 0x00000006d4400000, 0x000000076e000000)
  object space 167936K, 35% used [0x00000006ca000000,0x00000006cdac1080,0x00000006d4400000)
 Metaspace       used 6462K, capacity 7168K, committed 7296K, reserved 1056768K
  class space    used 580K, capacity 624K, committed 640K, reserved 1048576K
Event: 84,221 GC heap after
Heap after GC invocations=140 (full 0):
 PSYoungGen      total 1307648K, used 96K [0x000000076e000000, 0x00000007bff00000, 0x00000007c0000000)
  eden space 1273856K, 0% used [0x000000076e000000,0x000000076e000000,0x00000007bbc00000)
  from space 33792K, 0% used [0x00000007bde00000,0x00000007bde18000,0x00000007bff00000)
  to   space 34304K, 0% used [0x00000007bbc00000,0x00000007bbc00000,0x00000007bdd80000)
 ParOldGen       total 167936K, used 60164K [0x00000006ca000000, 0x00000006d4400000, 0x000000076e000000)
  object space 167936K, 35% used [0x00000006ca000000,0x00000006cdac1080,0x00000006d4400000)
 Metaspace       used 6462K, capacity 7168K, committed 7296K, reserved 1056768K
  class space    used 580K, capacity 624K, committed 640K, reserved 1048576K
}
Event: 84,655 GC heap before
{Heap before GC invocations=141 (full 0):
 PSYoungGen      total 1307648K, used 1273952K [0x000000076e000000, 0x00000007bff00000, 0x00000007c0000000)
  eden space 1273856K, 100% used [0x000000076e000000,0x00000007bbc00000,0x00000007bbc00000)
  from space 33792K, 0% used [0x00000007bde00000,0x00000007bde18000,0x00000007bff00000)
  to   space 34304K, 0% used [0x00000007bbc00000,0x00000007bbc00000,0x00000007bdd80000)
 ParOldGen       total 167936K, used 60164K [0x00000006ca000000, 0x00000006d4400000, 0x000000076e000000)
  object space 167936K, 35% used [0x00000006ca000000,0x00000006cdac1080,0x00000006d4400000)
 Metaspace       used 6462K, capacity 7168K, committed 7296K, reserved 1056768K
  class space    used 580K, capacity 624K, committed 640K, reserved 1048576K
Event: 84,656 GC heap after
Heap after GC invocations=141 (full 0):
 PSYoungGen      total 1308160K, used 96K [0x000000076e000000, 0x00000007bff80000, 0x00000007c0000000)
  eden space 1273856K, 0% used [0x000000076e000000,0x000000076e000000,0x00000007bbc00000)
  from space 34304K, 0% used [0x00000007bbc00000,0x00000007bbc18000,0x00000007bdd80000)
  to   space 33792K, 0% used [0x00000007bde80000,0x00000007bde80000,0x00000007bff80000)
 ParOldGen       total 167936K, used 60164K [0x00000006ca000000, 0x00000006d4400000, 0x000000076e000000)
  object space 167936K, 35% used [0x00000006ca000000,0x00000006cdac1080,0x00000006d4400000)
 Metaspace       used 6462K, capacity 7168K, committed 7296K, reserved 1056768K
  class space    used 580K, capacity 624K, committed 640K, reserved 1048576K
}

